2018-08-08 16:34:46,879 - transaction - INFO - account:zq   action:repay    amount:100.0   interest:0.0  current_balance:15100.0
2018-08-08 17:58:56,655 - transaction - INFO - account:zq   action:withdraw    amount:1000.0   interest:50.0  current_balance:14050.0
2018-08-09 16:50:58,800 - transaction - INFO - account:zq   action:transfer    amount:100.0   interest:5.0  current_balance:13945.0
2018-08-09 16:50:58,804 - transaction - INFO - account:a   action:repay    amount:100.0   interest:0.0  current_balance:15100.0
2018-08-09 16:54:35,342 - transaction - INFO - account:a   action:transfer    amount:200.0   interest:10.0  current_balance:14890.0
2018-08-09 16:54:35,346 - transaction - INFO - account:zq   action:transfer_in    amount:200.0   interest:0.0  current_balance:14145.0
2018-08-09 17:33:27,359 - transaction - INFO - account:zq   action:transfer    amount:1.0   interest:0.05  current_balance:14143.95
2018-08-09 17:34:13,833 - transaction - INFO - account:zq   action:transfer    amount:1.0   interest:0.05  current_balance:14142.900000000001
2018-08-14 10:07:13,241 - transaction - INFO - account:c   action:repay    amount:111.0   interest:0.0  current_balance:13111.0
2018-08-14 10:08:47,402 - transaction - INFO - account:c   action:withdraw    amount:100.0   interest:5.0  current_balance:13006.0
2018-08-14 10:09:26,672 - transaction - INFO - account:c   action:transfer    amount:100.0   interest:5.0  current_balance:12901.0
2018-08-14 10:09:26,677 - transaction - INFO - account:zq   action:transfer_in    amount:100.0   interest:0.0  current_balance:14242.0
2018-08-17 11:09:37,626 - transaction - INFO - account:zq   action:consume    amount:80.0   interest:0.0  current_balance:13402.0
2018-08-17 11:59:57,505 - transaction - INFO - account:zq   action:consume    amount:80.0   interest:0.0  current_balance:13322.0
2018-08-17 12:00:15,328 - transaction - INFO - account:zq   action:consume    amount:80.0   interest:0.0  current_balance:13242.0
2018-08-17 12:01:27,207 - transaction - INFO - account:zq   action:consume    amount:80.0   interest:0.0  current_balance:13162.0
2018-08-17 13:55:59,114 - transaction - INFO - account:zq   action:consume    amount:80.0   interest:0.0  current_balance:13082.0
2018-08-17 13:58:03,922 - transaction - INFO - account:zq   action:consume    amount:80.0   interest:0.0  current_balance:13002.0
2018-08-17 13:59:53,221 - transaction - INFO - account:zq   action:consume    amount:80.0   interest:0.0  current_balance:12922.0
2018-08-17 14:02:11,511 - transaction - INFO - account:zq   action:consume    amount:80.0   interest:0.0  current_balance:12842.0
2018-08-17 14:02:27,852 - transaction - INFO - account:zq   action:consume    amount:600.0   interest:0.0  current_balance:12242.0
2018-08-17 14:32:23,622 - transaction - INFO - account:zq   action:consume    amount:80.0   interest:0.0  current_balance:12162.0
2018-08-17 14:34:35,006 - transaction - INFO - account:zq   action:consume    amount:80.0   interest:0.0  current_balance:12082.0
2018-08-17 15:12:33,321 - transaction - INFO - account:zq   action:consume    amount:80.0   interest:0.0  current_balance:12002.0
2018-08-17 17:31:13,197 - transaction - INFO - account:zq   action:consume    amount:600.0   interest:0.0  current_balance:11402.0
2018-08-17 17:31:28,306 - transaction - INFO - account:zq   action:consume    amount:7000.0   interest:0.0  current_balance:4402.0
2018-08-17 17:35:34,693 - transaction - INFO - account:c   action:consume    amount:600.0   interest:0.0  current_balance:12301.0
2018-08-17 17:36:08,345 - transaction - INFO - account:c   action:consume    amount:10000.0   interest:0.0  current_balance:2301.0
